Howdy, this is [94mapplebot.pl[0m v[97m0.01[0m
Starting up at [97mSat Jan 14 13:51:32 2017[0m.
Reading Chris C.'s list... [32mdone[0m ([97m5721[0m lines read)
Reading Bob Shemyakin's list... [32mdone[0m ([97m2435[0m lines read)
Reading Bob Shemyakin's 16-bit list... [32mdone[0m ([97m3285[0m lines read)
Getting list of wiki pages... [32mdone[0m ([97m191[0m articles found)
Getting wikitext for Aircraft carrier... [32mdone[0m
Getting wikitext for Amphisbaena... [32mdone[0m
Getting wikitext for Barge... [32mdone[0m
Getting wikitext for Barge with long tail... [32mdone[0m
Getting wikitext for Bee hat... [32mdone[0m
Getting wikitext for Beehive... [32mdone[0m
Getting wikitext for Beehive and cap... [32mdone[0m
Getting wikitext for Beehive and dock... [32mdone[0m
Getting wikitext for Beehive and table... [32mdone[0m
Getting wikitext for Beehive at beehive... [32mdone[0m
Getting wikitext for Beehive at loaf... [32mdone[0m
Getting wikitext for Beehive bend tail... [32mdone[0m
Getting wikitext for Beehive with nine... [32mdone[0m
Getting wikitext for Beehive with tail... [32mdone[0m
Getting wikitext for Bi-cap... [32mdone[0m
Getting wikitext for Bi-loaf 1... [32mdone[0m
Getting wikitext for Bi-loaf 2... [32mdone[0m
Getting wikitext for Bi-loaf 4... [32mdone[0m
Getting wikitext for Bi-pond... [32mdone[0m
Getting wikitext for Big S... [32mdone[0m
Getting wikitext for Block... [32mdone[0m
Getting wikitext for Block and cap... [32mdone[0m
Getting wikitext for Block and dock... [32mdone[0m
Getting wikitext for Block and two tails... [32mdone[0m
Getting wikitext for Block on table... [32mdone[0m
Getting wikitext for Boat... [32mdone[0m
Getting wikitext for Boat on aircraft... [32mdone[0m
Getting wikitext for Boat on snake... [32mdone[0m
Getting wikitext for Boat with hooked tail... [32mdone[0m
Getting wikitext for Boat with long tail... [32mdone[0m
Getting wikitext for Boat with very long tail... [32mdone[0m
Getting wikitext for Boat-ship-tie... [32mdone[0m
Getting wikitext for Boat-tie... [32mdone[0m
Getting wikitext for Bookends... [32mdone[0m
Getting wikitext for BTS... [32mdone[0m
Getting wikitext for Canoe... [32mdone[0m
Getting wikitext for Cap and dock... [32mdone[0m
Getting wikitext for Carrier siamese carrier... [32mdone[0m
Getting wikitext for Carrier siamese snake... [32mdone[0m
Getting wikitext for Carrier with feather... [32mdone[0m
Getting wikitext for Cis-barge with tail... [32mdone[0m
Getting wikitext for Cis-block and long hook... [32mdone[0m
Getting wikitext for Cis-boat and dock... [32mdone[0m
Getting wikitext for Cis-boat and table... [32mdone[0m
Getting wikitext for Cis-boat with nine... [32mdone[0m
Getting wikitext for Cis-boat with tail... [32mdone[0m
Getting wikitext for Cis-fuse with two tails... [32mdone[0m
Getting wikitext for Cis-hook and R-bee... [32mdone[0m
Getting wikitext for Cis-hook with tail... [32mdone[0m
Getting wikitext for Cis-loaf with tail... [32mdone[0m
Getting wikitext for Cis-long boat with tail... [32mdone[0m
Getting wikitext for Cis-mirrored R-bee... [32mdone[0m
Getting wikitext for Cis-mirrored worm... [32mdone[0m
Getting wikitext for Cis-mirrored worm siamese cis-mirrored worm... [32mdone[0m
Getting wikitext for Cis-R-bee and R-loaf... [32mdone[0m
Getting wikitext for Cis-rotated hook... [32mdone[0m
Getting wikitext for Cis-rotated R-bee... [32mdone[0m
Getting wikitext for Cis-shillelagh... [32mdone[0m
Getting wikitext for Claw with tail... [32mdone[0m
Getting wikitext for Claw with tub with tail... [32mdone[0m
Getting wikitext for Cloverleaf interchange... [32mdone[0m
Getting wikitext for Cthulhu... [32mdone[0m
Getting wikitext for Dead spark coil... [32mdone[0m
Getting wikitext for Dock siamese carrier... [32mdone[0m
Getting wikitext for Eater 1... [32mdone[0m
Getting wikitext for Eater 2... [32mdone[0m
Getting wikitext for Eater 4... [32mdone[0m
Getting wikitext for Eater head siamese carrier... [32mdone[0m
Getting wikitext for Eater head siamese snake... [32mdone[0m
Getting wikitext for Eater on boat... [32mdone[0m
Getting wikitext for Eater siamese eater... [32mdone[0m
Getting wikitext for Eater tail siamese carrier... [32mdone[0m
Getting wikitext for Eater tail siamese snake... [32mdone[0m
Getting wikitext for Eater with cape... [32mdone[0m
Getting wikitext for Eleven loop... [32mdone[0m
Getting wikitext for Elevener... [32mdone[0m
Getting wikitext for Extra extra long snake... [32mdone[0m
Getting wikitext for Extra long hook with tail... [32mdone[0m
Getting wikitext for Extra long shillelagh... [32mdone[0m
Getting wikitext for Extra long snake... [32mdone[0m
Getting wikitext for Fourteener... [32mdone[0m
Getting wikitext for Fuse with tail and long tail... [32mdone[0m
Getting wikitext for Hat... [32mdone[0m
Getting wikitext for Honeycomb... [32mdone[0m
Getting wikitext for Hook with tail... [32mdone[0m
Getting wikitext for House on house siamese table-on-table weld hat-siamese-hat... [32mdone[0m
Getting wikitext for Hungry hat... [32mdone[0m
Getting wikitext for Integral sign... [32mdone[0m
Getting wikitext for Integral with hook... [32mdone[0m
Getting wikitext for Integral with long hook... [32mdone[0m
Getting wikitext for Integral with tub... [32mdone[0m
Getting wikitext for Integral with tub and hook... [32mdone[0m
Getting wikitext for Integral with two tubs... [32mdone[0m
Getting wikitext for Lake 2... [32mdone[0m
Getting wikitext for Loaf... [32mdone[0m
Getting wikitext for Loaf siamese barge... [32mdone[0m
Getting wikitext for Loaf siamese loaf... [32mdone[0m
Getting wikitext for Long barge... [32mdone[0m
Getting wikitext for Long boat... [32mdone[0m
Getting wikitext for Long canoe... [32mdone[0m
Getting wikitext for Long cis-hook with tail... [32mdone[0m
Getting wikitext for Long cis-shillelagh... [32mdone[0m
Getting wikitext for Long claw with tail... [32mdone[0m
Getting wikitext for Long fuse with two tails... [32mdone[0m
Getting wikitext for Long hook with tail... [32mdone[0m
Getting wikitext for Long integral... [32mdone[0m
Getting wikitext for Long long barge... [32mdone[0m
Getting wikitext for Long long boat... [32mdone[0m
Getting wikitext for Long long canoe... [32mdone[0m
Getting wikitext for Long long hook with tail... [32mdone[0m
Getting wikitext for Long long shillelagh... [32mdone[0m
Getting wikitext for Long long ship... [32mdone[0m
Getting wikitext for Long long snake... [32mdone[0m
Getting wikitext for Long prodigal... [32mdone[0m
Getting wikitext for Long shillelagh... [32mdone[0m
Getting wikitext for Long ship... [32mdone[0m
Getting wikitext for Long snake... [32mdone[0m
Getting wikitext for Longhook and dock... [32mdone[0m
Getting wikitext for Loop... [32mdone[0m
Getting wikitext for Mango... [32mdone[0m
Getting wikitext for Mickey Mouse... [32mdone[0m
Getting wikitext for Mirrored dock... [32mdone[0m
Getting wikitext for Moose antlers... [32mdone[0m
Getting wikitext for Omnibus... [32mdone[0m
Getting wikitext for Omnibus with tubs... [32mdone[0m
Getting wikitext for Ortho-loaf and table... [32mdone[0m
Getting wikitext for Paperclip... [32mdone[0m
Getting wikitext for Pond... [32mdone[0m
Getting wikitext for Pond and dock... [32mdone[0m
Getting wikitext for Professor... [32mdone[0m
Getting wikitext for Python siamese carrier... [32mdone[0m
Getting wikitext for Python siamese snake... [32mdone[0m
Getting wikitext for R-bee and snake... [32mdone[0m
Getting wikitext for R-mango and house... [32mdone[0m
Getting wikitext for Rotated C... [32mdone[0m
Getting wikitext for Scorpion... [32mdone[0m
Getting wikitext for Sesquihat... [32mdone[0m
Getting wikitext for Shillelagh... [32mdone[0m
Getting wikitext for Ship... [32mdone[0m
Getting wikitext for Ship on long boat... [32mdone[0m
Getting wikitext for Ship-tie... [32mdone[0m
Getting wikitext for Sidewalk... [32mdone[0m
Getting wikitext for Skew R-bees... [32mdone[0m
Getting wikitext for Small lake... [32mdone[0m
Getting wikitext for Snake... [32mdone[0m
Getting wikitext for Snake bridge snake... [32mdone[0m
Getting wikitext for Snake siamese snake... [32mdone[0m
Getting wikitext for Snake with feather... [32mdone[0m
Getting wikitext for Snorkel loop... [32mdone[0m
Getting wikitext for Spiral... [32mdone[0m
Getting wikitext for Super loaf... [32mdone[0m
Getting wikitext for Super mango... [32mdone[0m
Getting wikitext for Symmetric scorpion... [32mdone[0m
Getting wikitext for Table and dock... [32mdone[0m
Getting wikitext for Table on table... [32mdone[0m
Getting wikitext for Tetraloaf I... [32mdone[0m
Getting wikitext for Trans-barge with tail... [32mdone[0m
Getting wikitext for Trans-block and long hook... [32mdone[0m
Getting wikitext for Trans-boat and dock... [32mdone[0m
Getting wikitext for Trans-boat and table... [32mdone[0m
Getting wikitext for Trans-boat with nine... [32mdone[0m
Getting wikitext for Trans-boat with tail... [32mdone[0m
Getting wikitext for Trans-fuse with two tails... [32mdone[0m
Getting wikitext for Trans-hook and R-bee... [32mdone[0m
Getting wikitext for Trans-loaf with tail... [32mdone[0m
Getting wikitext for Trans-long boat with tail... [32mdone[0m
Getting wikitext for Trans-mirrored R-bee... [32mdone[0m
Getting wikitext for Trans-R-bee and R-loaf... [32mdone[0m
Getting wikitext for Trans-rotated R-bee... [32mdone[0m
Getting wikitext for Tub... [32mdone[0m
Getting wikitext for Tub with cis-tail... [32mdone[0m
Getting wikitext for Tub with extra long tail... [32mdone[0m
Getting wikitext for Tub with long long tail... [32mdone[0m
Getting wikitext for Tub with long tail... [32mdone[0m
Getting wikitext for Tub with tail... [32mdone[0m
Getting wikitext for Twin hat... [32mdone[0m
Getting wikitext for Up dove on dove... [32mdone[0m
Getting wikitext for Up wing on wing... [32mdone[0m
Getting wikitext for Very long integral... [32mdone[0m
Getting wikitext for Very very long barge... [32mdone[0m
Getting wikitext for Very very long boat... [32mdone[0m
Getting wikitext for Very very long canoe... [32mdone[0m
Getting wikitext for Very very long ship... [32mdone[0m
Getting wikitext for Very^3 long boat... [32mdone[0m
Getting wikitext for Very^4 long boat... [32mdone[0m
Getting wikitext for Very^4 long snake... [32mdone[0m
Getting wikitext for Very^5 long boat... [32mdone[0m
Getting wikitext for Very^6 long boat... [32mdone[0m
Getting wikitext for Very^7 long boat... [32mdone[0m
Getting wikitext for Very^8 long boat... [32mdone[0m
Getting wikitext for Very^9 long boat... [32mdone[0m
  - | [1m  4[0m | [1m  4[0m |   -[0m | Beehive and cap
  - | [1m  4[0m |   -[0m | [1m  4[0m | Beehive and dock
  7 | [1m  5[0m | [1m  5[0m |   -[0m | Beehive at loaf
  6 | [1m  5[0m | [1m  5[0m |   -[0m | Beehive with nine
  9 | [1m  4[0m |   -[0m | [1m  4[0m | Bi-cap
  4 | [1m  3[0m |   -[0m | [1m  3[0m | Bi-pond
  5 | [1m  4[0m | [1m  4[0m |   -[0m | Boat with long tail
  8 | [1m  7[0m | [1m  7[0m |   -[0m | Boat with very long tail
  6 | [1m  5[0m | [1m  5[0m |   -[0m | Carrier siamese carrier
  6 | [1m  4[0m | [1m  4[0m |   -[0m | Carrier siamese snake
  6 | [1m  4[0m | [1m  4[0m |   -[0m | Carrier with feather
  - | [1m  5[0m | [1m  5[0m |   -[0m | Cis-R-bee and R-loaf
  5 | [1m  4[0m | [1m  4[0m |   -[0m | Cis-block and long hook
  6 | [1m  5[0m | [1m  5[0m |   -[0m | Cis-boat with nine
  8 | [1m  6[0m | [1m  6[0m |   -[0m | Cis-fuse with two tails
  - | [1m  4[0m | [1m  4[0m |   -[0m | Cis-hook and R-bee
  8 | [1m  5[0m | [1m  5[0m |   -[0m | Cis-hook with tail
  7 | [1m  6[0m | [1m  6[0m |   -[0m | Cis-long boat with tail
  - | [1m  6[0m | [1m  6[0m |   -[0m | Cis-rotated R-bee
  - | [1m  4[0m | [1m  4[0m |   -[0m | Cis-rotated hook
  - | [1m  4[0m | [1m  4[0m |   -[0m | Dock siamese carrier
  8 | [1m  6[0m | [1m  6[0m |   -[0m | Eater head siamese snake
  5 | [1m  4[0m | [1m  4[0m |   -[0m | Eater siamese eater
  6 | [1m  5[0m | [1m  5[0m |   -[0m | Extra long snake
  7 | [1m  6[0m | [1m  6[0m |   -[0m | Fuse with tail and long tail
 11 | [1m  9[0m | [1m  9[0m |   -[0m | Honeycomb
  5 | [1m  4[0m | [1m  4[0m |   -[0m | Integral with tub
  9 | [1m  6[0m | [1m  6[0m |   -[0m | Loaf siamese barge
  8 | [1m  4[0m | [1m  4[0m |   -[0m | Loaf siamese loaf
  7 | [1m  6[0m | [1m  6[0m |   -[0m | Long long hook with tail
  6 | [1m  4[0m | [1m  4[0m |   -[0m | Long long shillelagh
  5 | [1m  4[0m | [1m  4[0m |   -[0m | Long long snake
  6 | [1m  4[0m | [1m  4[0m |   -[0m | Long shillelagh
  5 | [1m  4[0m | [1m  4[0m |   -[0m | Loop
  6 | [1m  5[0m | [1m  5[0m |   -[0m | Ortho-loaf and table
  7 | [1m  4[0m | [1m  4[0m |   -[0m | R-bee and snake
  6 | [1m  5[0m | [1m  5[0m |   -[0m | Sesquihat
  6 | [1m  5[0m | [1m  5[0m |   -[0m | Ship on long boat
  - | [1m  5[0m | [1m  5[0m |   -[0m | Skew R-bees
  9 | [1m  7[0m | [1m  7[0m |   -[0m | Snake bridge snake
  6 | [1m  5[0m | [1m  5[0m |   -[0m | Snake siamese snake
  6 | [1m  4[0m | [1m  4[0m |   -[0m | Snorkel loop
 25 | [1m 14[0m | [1m 14[0m |   -[0m | Super mango
  - | [1m  4[0m |   -[0m | [1m  4[0m | Symmetric scorpion
  - | [1m  6[0m |   -[0m | [1m  6[0m | Table and dock
  - | [1m  4[0m | [1m  4[0m |   -[0m | Trans-R-bee and R-loaf
  5 | [1m  4[0m | [1m  4[0m |   -[0m | Trans-block and long hook
  - | [1m  5[0m | [1m  5[0m |   -[0m | Trans-boat and dock
  6 | [1m  4[0m | [1m  4[0m |   -[0m | Trans-boat and table
  - | [1m  4[0m | [1m  4[0m |   -[0m | Trans-hook and R-bee
  5 | [1m  4[0m | [1m  4[0m |   -[0m | Trans-long boat with tail
  - | [1m  4[0m | [1m  4[0m |   -[0m | Trans-rotated R-bee
  8 | [1m  4[0m | [1m  4[0m |   -[0m | Tub with cis-tail
  7 | [1m  6[0m | [1m  6[0m |   -[0m | Tub with long long tail
  5 | [1m  4[0m | [1m  4[0m |   -[0m | Tub with long tail
  9 | [1m  5[0m | [1m  5[0m |   -[0m | Very long integral
  - | [1m  4[0m | [1m  4[0m |   -[0m | Very very long barge
  7 | [1m  5[0m | [1m  5[0m |   -[0m | Very very long canoe
  - | [1m  5[0m | [1m  5[0m |   -[0m | Very very long ship
  - | [1m  6[0m | [1m  6[0m |   -[0m | Very^3 long boat
  - | [1m  7[0m | [1m  7[0m |   -[0m | Very^4 long boat
Finished at [97mSat Jan 14 13:52:49 2017[0m.
